{"/Users/yang/Github/Wonder.js/packages/wonder-fp/src/Curry.ts": {"path":"/Users/yang/Github/Wonder.js/packages/wonder-fp/src/Curry.ts","statementMap":{"0":{"start":{"line":3,"column":4},"end":{"line":7,"column":null}},"1":{"start":{"line":4,"column":8},"end":{"line":6,"column":null}},"2":{"start":{"line":5,"column":12},"end":{"line":5,"column":null}},"3":{"start":{"line":2,"column":0},"end":{"line":2,"column":16}}},"fnMap":{"0":{"name":"curry2","decl":{"start":{"line":2,"column":16},"end":{"line":2,"column":22}},"loc":{"start":{"line":2,"column":65},"end":{"line":8,"column":1}}},"1":{"name":"(anonymous_1)","decl":{"start":{"line":3,"column":11},"end":{"line":3,"column":12}},"loc":{"start":{"line":3,"column":25},"end":{"line":7,"column":5}}},"2":{"name":"(anonymous_2)","decl":{"start":{"line":4,"column":15},"end":{"line":4,"column":16}},"loc":{"start":{"line":4,"column":29},"end":{"line":6,"column":9}}}},"branchMap":{},"s":{"0":1,"1":1,"2":1,"3":1},"f":{"0":1,"1":1,"2":1},"b":{}}
,"/Users/yang/Github/Wonder.js/packages/wonder-fp/src/Pipe.ts": {"path":"/Users/yang/Github/Wonder.js/packages/wonder-fp/src/Pipe.ts","statementMap":{"0":{"start":{"line":11,"column":4},"end":{"line":11,"column":81}},"1":{"start":{"line":11,"column":29},"end":{"line":11,"column":80}},"2":{"start":{"line":11,"column":63},"end":{"line":11,"column":70}},"3":{"start":{"line":10,"column":0},"end":{"line":10,"column":16}}},"fnMap":{"0":{"name":"pipe","decl":{"start":{"line":10,"column":16},"end":{"line":10,"column":20}},"loc":{"start":{"line":10,"column":32},"end":{"line":12,"column":1}}},"1":{"name":"(anonymous_1)","decl":{"start":{"line":11,"column":11},"end":{"line":11,"column":12}},"loc":{"start":{"line":11,"column":29},"end":{"line":11,"column":80}}},"2":{"name":"(anonymous_2)","decl":{"start":{"line":11,"column":40},"end":{"line":11,"column":41}},"loc":{"start":{"line":11,"column":63},"end":{"line":11,"column":70}}}},"branchMap":{},"s":{"0":1,"1":1,"2":2,"3":1},"f":{"0":1,"1":1,"2":2},"b":{}}
}
